c:\oop_cp\oop_cp\debug\vc140.pdb
c:\oop_cp\oop_cp\debug\vc140.idb
c:\oop_cp\oop_cp\debug\airbourne.obj
c:\oop_cp\oop_cp\debug\infantry.obj
c:\oop_cp\oop_cp\debug\marine.obj
c:\oop_cp\oop_cp\debug\plane.obj
c:\oop_cp\oop_cp\debug\ship.obj
c:\oop_cp\oop_cp\debug\tank.obj
c:\oop_cp\oop_cp\debug\unit.obj
c:\oop_cp\oop_cp\debug\group.obj
c:\oop_cp\oop_cp\debug\main.obj
c:\oop_cp\oop_cp\debug\troop.obj
c:\oop_cp\oop_cp\debug\machine.obj
c:\oop_cp\debug\oop_cp.ilk
c:\oop_cp\debug\oop_cp.exe
c:\oop_cp\debug\oop_cp.pdb
c:\oop_cp\oop_cp\debug\troop.obj.enc
c:\oop_cp\oop_cp\debug\oop_cp.tlog\cl.command.1.tlog
c:\oop_cp\oop_cp\debug\oop_cp.tlog\cl.read.1.tlog
c:\oop_cp\oop_cp\debug\oop_cp.tlog\cl.write.1.tlog
c:\oop_cp\oop_cp\debug\oop_cp.tlog\link.command.1.tlog
c:\oop_cp\oop_cp\debug\oop_cp.tlog\link.read.1.tlog
c:\oop_cp\oop_cp\debug\oop_cp.tlog\link.write.1.tlog
